{
  "RSpec": {
    "coverage": {
      "C:/Users/Suchy/Exercism/ruby-master/spec/acronym_test.rb": [
        null,
        1,
        null,
        1,
        1,
        1,
        null,
        1,
        1,
        null,
        1,
        1,
        null,
        1,
        1,
        null,
        1,
        1,
        null,
        1,
        1,
        null,
        1,
        1,
        null,
        null
      ],
      "C:/Users/Suchy/Exercism/ruby-master/lib/acronym.rb": [
        1,
        null,
        1,
        7,
        null,
        null,
        null
      ],
      "C:/Users/Suchy/Exercism/ruby-master/spec/alphametics_test.rb": [
        null,
        1,
        null,
        1,
        1,
        1,
        1,
        1,
        null,
        1,
        1,
        1,
        1,
        null,
        1,
        1,
        1,
        1,
        null,
        1,
        1,
        1,
        1,
        null,
        1,
        1,
        1,
        1,
        null,
        1,
        1,
        1,
        1,
        null,
        1,
        1,
        1,
        1,
        null,
        1,
        1,
        1,
        1,
        null,
        1,
        1,
        1,
        1,
        null,
        null,
        null,
        null,
        null,
        null,
        1,
        0,
        0,
        0,
        null,
        null
      ],
      "C:/Users/Suchy/Exercism/ruby-master/lib/alphametics.rb": [
        1,
        1,
        9,
        null,
        null,
        1,
        null,
        1,
        9,
        9,
        9,
        null,
        null,
        1,
        null,
        1,
        177,
        null,
        null,
        1,
        61,
        null,
        null,
        1,
        9,
        9,
        25,
        null,
        null,
        9,
        null,
        null,
        1,
        47,
        9,
        52,
        9,
        null,
        47,
        null,
        null,
        1,
        105,
        null,
        null,
        1,
        43,
        null,
        43,
        105,
        null,
        null,
        43,
        null,
        null,
        1,
        56,
        null,
        null,
        1,
        56,
        9,
        9,
        null,
        null,
        1,
        9,
        null,
        null,
        1,
        null,
        1,
        9,
        null,
        9,
        3599488,
        null,
        9,
        null,
        7,
        null,
        null
      ],
      "C:/Users/Suchy/Exercism/ruby-master/spec/book_store_test.rb": [
        null,
        1,
        null,
        1,
        1,
        1,
        1,
        null,
        1,
        1,
        1,
        null,
        1,
        1,
        1,
        null,
        1,
        1,
        1,
        null,
        1,
        1,
        1,
        null,
        1,
        1,
        1,
        null,
        1,
        1,
        1,
        null,
        1,
        1,
        1,
        null,
        1,
        1,
        1,
        null,
        1,
        1,
        1,
        null,
        1,
        1,
        1,
        null,
        1,
        1,
        1,
        null,
        1,
        1,
        1,
        null,
        1,
        1,
        1,
        null,
        1,
        1,
        1,
        null,
        null
      ],
      "C:/Users/Suchy/Exercism/ruby-master/lib/book_store.rb": [
        1,
        1,
        null,
        1,
        15,
        15,
        14,
        14,
        111,
        14,
        14,
        null,
        null,
        1,
        61992,
        371828,
        61992,
        30444,
        null,
        31548,
        61978,
        61978,
        null,
        null,
        null,
        null,
        1,
        61978,
        61978,
        2078,
        59900,
        4138,
        55762,
        8164,
        47598,
        16050,
        31548,
        31548,
        null,
        null,
        null
      ],
      "C:/Users/Suchy/Exercism/ruby-master/spec/bowling_test.rb": [
        null,
        1,
        null,
        1,
        1,
        1,
        1,
        21,
        1,
        null,
        1,
        1,
        1,
        21,
        1,
        null,
        1,
        1,
        1,
        21,
        1,
        null,
        1,
        1,
        1,
        21,
        1,
        null,
        1,
        1,
        1,
        21,
        1,
        null,
        1,
        1,
        1,
        22,
        1,
        null,
        1,
        1,
        1,
        20,
        1,
        null,
        1,
        1,
        1,
        20,
        1,
        null,
        1,
        1,
        1,
        18,
        1,
        null,
        1,
        1,
        1,
        22,
        1,
        null,
        1,
        1,
        1,
        22,
        1,
        null,
        1,
        1,
        1,
        22,
        1,
        null,
        1,
        1,
        1,
        22,
        1,
        null,
        1,
        1,
        1,
        13,
        1,
        null,
        1,
        1,
        1,
        1,
        2,
        null,
        1,
        1,
        1,
        1,
        2,
        null,
        1,
        1,
        1,
        2,
        2,
        null,
        1,
        1,
        1,
        20,
        2,
        null,
        1,
        1,
        1,
        21,
        2,
        null,
        1,
        1,
        1,
        22,
        1,
        null,
        1,
        1,
        1,
        21,
        2,
        null,
        1,
        1,
        1,
        21,
        2,
        null,
        1,
        1,
        1,
        1,
        2,
        null,
        1,
        1,
        1,
        3,
        2,
        null,
        1,
        1,
        1,
        21,
        2,
        null,
        1,
        1,
        1,
        20,
        2,
        null,
        1,
        1,
        1,
        21,
        2,
        null,
        1,
        1,
        1,
        21,
        2,
        null,
        1,
        1,
        1,
        22,
        2,
        null,
        1,
        1,
        1,
        22,
        2,
        null,
        null
      ],
      "C:/Users/Suchy/Exercism/ruby-master/lib/bowling.rb": [
        1,
        1,
        30,
        null,
        null,
        1,
        506,
        503,
        502,
        null,
        499,
        499,
        2812,
        null,
        null,
        null,
        1,
        20,
        15,
        null,
        null,
        1,
        null,
        1,
        1869,
        null,
        null,
        1,
        1,
        2812,
        2812,
        null,
        null,
        1,
        3338,
        null,
        null,
        1,
        499,
        null,
        null,
        1,
        150,
        null,
        null,
        1,
        null,
        1,
        21776,
        null,
        null,
        1,
        2812,
        null,
        null,
        null,
        1,
        null
      ],
      "C:/Users/Suchy/Exercism/ruby-master/spec/gigasecond_test.rb": [
        null,
        1,
        null,
        1,
        1,
        1,
        null,
        1,
        1,
        null,
        1,
        1,
        null,
        1,
        1,
        null,
        1,
        1,
        null,
        null
      ],
      "C:/Users/Suchy/Exercism/ruby-master/lib/gigasecond.rb": [
        1,
        1,
        null,
        1,
        5,
        null,
        null
      ],
      "C:/Users/Suchy/Exercism/ruby-master/spec/hello_world_test.rb": [
        1,
        null,
        1,
        1,
        1,
        null,
        null
      ],
      "C:/Users/Suchy/Exercism/ruby-master/lib/hello_world.rb": [
        null,
        1,
        1,
        1,
        null,
        null
      ],
      "C:/Users/Suchy/Exercism/ruby-master/spec/high_scores_test.rb": [
        null,
        1,
        null,
        1,
        1,
        1,
        1,
        1,
        null,
        1,
        1,
        1,
        1,
        null,
        1,
        1,
        1,
        1,
        null,
        1,
        1,
        1,
        1,
        null,
        1,
        1,
        1,
        1,
        null,
        1,
        1,
        1,
        1,
        null,
        1,
        1,
        1,
        1,
        null,
        1,
        1,
        1,
        1,
        null,
        1,
        1,
        1,
        null,
        1,
        1,
        1,
        null,
        null
      ],
      "C:/Users/Suchy/Exercism/ruby-master/lib/high_scores.rb": [
        1,
        1,
        10,
        null,
        null,
        1,
        12,
        null,
        null,
        1,
        3,
        null,
        null,
        1,
        3,
        null,
        null,
        1,
        5,
        null,
        null,
        1,
        2,
        null,
        null
      ],
      "C:/Users/Suchy/Exercism/ruby-master/spec/house_test.rb": [
        null,
        1,
        null,
        1,
        1,
        1,
        1,
        null,
        null
      ],
      "C:/Users/Suchy/Exercism/ruby-master/lib/house.rb": [
        1,
        1,
        null,
        null,
        null,
        null,
        null,
        null,
        null,
        null,
        null,
        null,
        null,
        null,
        1,
        1,
        12,
        1,
        null,
        11,
        null,
        null,
        null,
        null
      ],
      "C:/Users/Suchy/Exercism/ruby-master/spec/isogram_test.rb": [
        null,
        1,
        null,
        1,
        1,
        1,
        1,
        null,
        1,
        1,
        1,
        null,
        1,
        1,
        1,
        null,
        1,
        1,
        1,
        null,
        1,
        1,
        1,
        null,
        1,
        1,
        1,
        null,
        1,
        1,
        1,
        null,
        1,
        1,
        1,
        null,
        1,
        1,
        1,
        null,
        1,
        1,
        1,
        null,
        1,
        1,
        1,
        null,
        1,
        1,
        1,
        null,
        1,
        1,
        1,
        null,
        null
      ],
      "C:/Users/Suchy/Exercism/ruby-master/lib/isogram.rb": [
        1,
        1,
        13,
        133,
        124,
        null,
        null,
        null
      ],
      "C:/Users/Suchy/Exercism/ruby-master/spec/matching_brackets_test.rb": [
        null,
        1,
        null,
        1,
        2,
        2,
        2,
        2,
        2,
        2,
        1,
        1,
        null,
        1,
        1,
        null,
        1,
        1,
        null,
        1,
        1,
        null,
        1,
        1,
        null,
        1,
        1,
        null,
        1,
        1,
        null,
        1,
        1,
        null,
        1,
        1,
        null,
        1,
        1,
        null,
        1,
        1,
        1,
        null,
        null
      ],
      "C:/Users/Suchy/Exercism/ruby-master/lib/matching_brackets.rb": [
        1,
        null,
        1,
        null,
        null,
        null,
        null,
        1,
        17,
        null,
        17,
        165,
        39,
        126,
        33,
        null,
        null,
        null,
        10,
        null,
        null
      ],
      "C:/Users/Suchy/Exercism/ruby-master/spec/ocr_numbers_test.rb": [
        null,
        1,
        null,
        1,
        null,
        1,
        1,
        1,
        null,
        1,
        1,
        1,
        null,
        1,
        1,
        1,
        null,
        1,
        1,
        2,
        null,
        1,
        1,
        2,
        null,
        1,
        1,
        1,
        null,
        1,
        1,
        1,
        null,
        1,
        1,
        1,
        null,
        1,
        1,
        1,
        null,
        1,
        1,
        1,
        null,
        1,
        1,
        1,
        null,
        1,
        1,
        1,
        null,
        1,
        1,
        1,
        null,
        1,
        1,
        1,
        null,
        1,
        1,
        1,
        null,
        1,
        1,
        1,
        null,
        1,
        1,
        1,
        null,
        null
      ],
      "C:/Users/Suchy/Exercism/ruby-master/lib/ocr_numbers.rb": [
        1,
        1,
        17,
        17,
        17,
        1,
        null,
        16,
        1,
        null,
        null,
        15,
        15,
        15,
        14,
        null,
        1,
        1,
        1,
        12,
        3,
        3,
        3,
        null,
        12,
        null,
        null,
        15,
        null,
        1,
        17,
        17,
        17,
        17,
        48,
        null,
        null,
        null,
        48,
        3,
        45,
        8,
        37,
        12,
        25,
        3,
        22,
        3,
        19,
        3,
        16,
        3,
        13,
        3,
        10,
        3,
        7,
        3,
        null,
        4,
        null,
        48,
        null,
        17,
        null,
        null
      ],
      "C:/Users/Suchy/Exercism/ruby-master/spec/pangram_test.rb": [
        null,
        1,
        null,
        1,
        1,
        1,
        1,
        1,
        null,
        1,
        1,
        1,
        1,
        null,
        1,
        1,
        1,
        1,
        null,
        1,
        1,
        1,
        1,
        null,
        1,
        1,
        1,
        1,
        null,
        1,
        1,
        1,
        1,
        null,
        1,
        1,
        1,
        1,
        null,
        1,
        1,
        1,
        1,
        null,
        1,
        1,
        1,
        1,
        null,
        1,
        1,
        1,
        1,
        null,
        null
      ],
      "C:/Users/Suchy/Exercism/ruby-master/lib/pangram.rb": [
        1,
        1,
        10,
        null,
        null
      ],
      "C:/Users/Suchy/Exercism/ruby-master/spec/robot_name_test.rb": [
        null,
        1,
        null,
        1,
        1,
        10,
        2,
        2,
        1,
        1,
        1,
        1,
        null,
        1,
        1,
        1,
        1,
        1,
        null,
        1,
        1,
        1,
        1,
        null,
        1,
        1,
        1,
        1,
        5,
        5,
        null,
        1,
        null,
        1,
        1,
        null,
        1,
        1,
        1,
        1,
        1,
        1,
        1,
        1,
        1,
        null,
        1,
        1,
        1,
        1,
        1,
        676002,
        676000,
        676000,
        676000,
        null,
        1,
        1,
        676001,
        676001,
        null,
        null
      ],
      "C:/Users/Suchy/Exercism/ruby-master/lib/robot_name.rb": [
        1,
        1,
        null,
        1,
        9,
        null,
        null,
        1,
        null,
        1,
        676011,
        null,
        null,
        1,
        676014,
        676014,
        null,
        null,
        1,
        null,
        1,
        676015,
        null,
        null,
        1,
        676018,
        null,
        null
      ],
      "C:/Users/Suchy/Exercism/ruby-master/spec/say_test.rb": [
        null,
        1,
        null,
        1,
        1,
        1,
        1,
        null,
        1,
        1,
        1,
        null,
        1,
        1,
        1,
        null,
        1,
        1,
        1,
        null,
        1,
        1,
        1,
        null,
        1,
        1,
        1,
        null,
        1,
        1,
        1,
        null,
        1,
        1,
        1,
        null,
        1,
        1,
        1,
        null,
        1,
        1,
        1,
        null,
        1,
        1,
        1,
        null,
        1,
        1,
        1,
        null,
        1,
        1,
        1,
        null,
        1,
        1,
        2,
        null,
        1,
        1,
        2,
        null,
        null
      ],
      "C:/Users/Suchy/Exercism/ruby-master/lib/say.rb": [
        1,
        null,
        1,
        null,
        null,
        1,
        null,
        1,
        1,
        null,
        null,
        1,
        1,
        53,
        53,
        25,
        28,
        9,
        19,
        8,
        11,
        4,
        7,
        3,
        4,
        2,
        null,
        2,
        null,
        null,
        null,
        1,
        null,
        1,
        17,
        null,
        null,
        null,
        null,
        1,
        1,
        null,
        1,
        null,
        1,
        15,
        null,
        null
      ],
      "C:/Users/Suchy/Exercism/ruby-master/spec/sum_of_multiples_test.rb": [
        null,
        1,
        null,
        1,
        1,
        1,
        1,
        null,
        1,
        1,
        1,
        null,
        1,
        1,
        1,
        null,
        1,
        1,
        1,
        null,
        1,
        1,
        1,
        null,
        1,
        1,
        1,
        null,
        1,
        1,
        1,
        null,
        1,
        1,
        1,
        null,
        1,
        1,
        1,
        null,
        1,
        1,
        1,
        null,
        1,
        1,
        1,
        null,
        1,
        1,
        1,
        null,
        1,
        1,
        1,
        null,
        1,
        1,
        1,
        null,
        1,
        1,
        1,
        null,
        null
      ],
      "C:/Users/Suchy/Exercism/ruby-master/lib/sum_of_multiples.rb": [
        1,
        1,
        15,
        15,
        30,
        null,
        null,
        null,
        1,
        15,
        15,
        15,
        30,
        30,
        13923,
        9070,
        9070,
        null,
        13923,
        null,
        null,
        15,
        null,
        null
      ],
      "C:/Users/Suchy/Exercism/ruby-master/spec/twelve_days_test.rb": [
        null,
        1,
        null,
        1,
        1,
        1,
        1,
        1,
        null,
        null
      ],
      "C:/Users/Suchy/Exercism/ruby-master/lib/twelve_days.rb": [
        1,
        1,
        1,
        null,
        1,
        1,
        null,
        null,
        1,
        12,
        11,
        null,
        null,
        1,
        77,
        null,
        null,
        1,
        12,
        null,
        null
      ],
      "C:/Users/Suchy/Exercism/ruby-master/spec/two_fer_test.rb": [
        1,
        null,
        1,
        1,
        1,
        null,
        1,
        1,
        null,
        1,
        1,
        null,
        null
      ],
      "C:/Users/Suchy/Exercism/ruby-master/lib/two_fer.rb": [
        1,
        1,
        3,
        null,
        null
      ]
    },
    "timestamp": 1572797085
  }
}
